{"numFailedTestSuites":0,"numFailedTests":0,"numPassedTestSuites":1,"numPassedTests":1,"numPendingTestSuites":0,"numPendingTests":0,"numRuntimeErrorTestSuites":0,"numTodoTests":0,"numTotalTestSuites":1,"numTotalTests":1,"openHandles":[],"snapshot":{"added":0,"didUpdate":false,"failure":false,"filesAdded":0,"filesRemoved":0,"filesRemovedList":[],"filesUnmatched":0,"filesUpdated":0,"matched":0,"total":0,"unchecked":0,"uncheckedKeysByFile":[],"unmatched":0,"updated":0},"startTime":1713372997271,"success":true,"testResults":[{"assertionResults":[{"ancestorTitles":["Uikit"],"duration":9,"failureDetails":[],"failureMessages":[],"fullName":"Uikit should render successfully","invocations":1,"location":null,"numPassingAsserts":1,"retryReasons":[],"status":"passed","title":"should render successfully"}],"endTime":1713372997660,"message":"","name":"/home/siarhkul/Documents/WebProject/mfe-nx/libs/shared/uikit/src/lib/uikit.spec.tsx","startTime":1713372997453,"status":"passed","summary":""}],"wasInterrupted":false,"coverageMap":{"/home/siarhkul/Documents/WebProject/mfe-nx/libs/shared/uikit/src/lib/uikit.tsx":{"path":"/home/siarhkul/Documents/WebProject/mfe-nx/libs/shared/uikit/src/lib/uikit.tsx","statementMap":{"0":{"start":{"line":7,"column":2},"end":{"line":11,"column":4}}},"fnMap":{"0":{"name":"Uikit","decl":{"start":{"line":6,"column":16},"end":{"line":6,"column":21}},"loc":{"start":{"line":6,"column":41},"end":{"line":12,"column":1}},"line":6}},"branchMap":{},"s":{"0":1},"f":{"0":1},"b":{},"_coverageSchema":"1a1c01bbd47fc00a2c39e90264f33305004495a9","hash":"c67a24985f5b46c1a8b96f95e717f416fcae7efe"}}}
